This is LuaTeX, Version 1.10.0 (MiKTeX 2.9.7140 64-bit)  (format=lualatex 2019.9.18)  30 NOV 2020 02:32
 restricted system commands enabled.
**pres.tex
(./pres.tex
LaTeX2e <2018-12-01>
Lua module: luaotfload-main 2019-08-11 2.991 luaotfload entry point
Lua module: luaotfload-init 2019-08-11 2.991 luaotfload submodule / initializati
on
Lua module: lualibs 2019-08-11 2.67 ConTeXt Lua standard libraries.
Lua module: lualibs-extended 2019-08-11 2.67 ConTeXt Lua libraries -- extended c
ollection.
Lua module: luaotfload-log 2019-08-11 2.991 luaotfload submodule / logging
Lua module: luaotfload-parsers 2019-08-11 2.991 luaotfload submodule / filelist
Lua module: luaotfload-configuration 2019-08-11 2.991 luaotfload submodule / con
fig file reader
luaotfload | conf : Root cache directory is C:/Users/user/AppData/Local/MiKTeX/2
.9/luatex-cache/generic/names.
luaotfload | init : Loading fontloader “fontloader-2019-08-11.lua” from kpse
-resolved path “C:/Users/user/AppData/Local/Programs/MiKTeX 2.9/tex/luatex/lua
otfload/fontloader-2019-08-11.lua”.
Lua-only attribute luaotfload@state = 2
Lua-only attribute luaotfload@noligature = 3
Lua-only attribute luaotfload@syllabe = 4
luaotfload | init : Context OpenType loader version “3.109”
Inserting `luaotfload.node_processor' at position 1 in `pre_linebreak_filter'.
Inserting `luaotfload.node_processor' at position 1 in `hpack_filter'.
Lua module: luaotfload-loaders 2019-08-11 2.991 luaotfload submodule / callback 
handling
Inserting `luaotfload.define_font' at position 1 in `define_font'.
Lua module: luaotfload-database 2019-08-11 2.991 luaotfload submodule / database
Lua module: luaotfload-unicode 2019-08-11 2.991 luaotfload submodule / Unicode h
elpers
Lua module: luaotfload-colors 2019-08-11 2.991 luaotfload submodule / color
Lua-only attribute luaotfload_color_attribute = 5
Lua module: luaotfload-resolvers 2019-08-11 2.991 luaotfload submodule / resolve
rs
luaotfload | conf : Root cache directory is C:/Users/user/AppData/Local/MiKTeX/2
.9/luatex-cache/generic/names.
Lua module: luaotfload-features 2019-08-11 2.991 luaotfload submodule / features
Lua module: luaotfload-letterspace 2019-08-11 2.991 luaotfload submodule / color
Lua module: luaotfload-embolden 2019-08-11 2.991 luaotfload submodule / color
Lua module: luaotfload-notdef 2019-08-11 2.991 luaotfload submodule / color
Lua module: luaotfload-auxiliary 2019-08-11 2.991 luaotfload submodule / auxilia
ry functions
Inserting `luaotfload.aux.set_sscale_dimens' at position 1 in `luaotfload.patch_
font'.
Inserting `luaotfload.aux.patch_cambria_domh' at position 2 in `luaotfload.patch
_font'.
Inserting `luaotfload.aux.fixup_fontdata' at position 1 in `luaotfload.patch_fon
t_unsafe'.
Inserting `luaotfload.aux.set_capheight' at position 3 in `luaotfload.patch_font
'.
Inserting `luaotfload.aux.set_xheight' at position 4 in `luaotfload.patch_font'.
Inserting `luaotfload.rewrite_fontname' at position 5 in `luaotfload.patch_font'
.
luaotfload | main : initialization completed in 3.134 seconds
("C:/Users/user/AppData/Local/Programs/MiKTeX 2.9/tex/latex/beamer/beamer.cls"
Document Class: beamer 2019/07/23 v3.56 A class for typesetting presentations

("C:/Users/user/AppData/Local/Programs/MiKTeX 2.9/tex/latex/beamer/beamerbasemo
des.sty"
("C:/Users/user/AppData/Local/Programs/MiKTeX 2.9/tex/latex/etoolbox/etoolbox.s
ty"
Package: etoolbox 2018/08/19 v2.5f e-TeX tools for LaTeX (JAW)
\etb@tempcnta=\count80
)
\beamer@tempbox=\box27
\beamer@tempcount=\count81
\c@beamerpauses=\count82

("C:/Users/user/AppData/Local/Programs/MiKTeX 2.9/tex/latex/beamer/beamerbasede
code.sty"
\beamer@slideinframe=\count83
\beamer@minimum=\count84
\beamer@decode@box=\box28
)
\beamer@commentbox=\box29
\beamer@modecount=\count85
)
("C:/Users/user/AppData/Local/Programs/MiKTeX 2.9/tex/generic/oberdiek/ifpdf.st
y"
Package: ifpdf 2018/09/07 v3.3 Provides the ifpdf switch
)
\headdp=\dimen102
\footheight=\dimen103
\sidebarheight=\dimen104
\beamer@tempdim=\dimen105
\beamer@finalheight=\dimen106
\beamer@animht=\dimen107
\beamer@animdp=\dimen108
\beamer@animwd=\dimen109
\beamer@leftmargin=\dimen110
\beamer@rightmargin=\dimen111
\beamer@leftsidebar=\dimen112
\beamer@rightsidebar=\dimen113
\beamer@boxsize=\dimen114
\beamer@vboxoffset=\dimen115
\beamer@descdefault=\dimen116
\beamer@descriptionwidth=\dimen117
\beamer@lastskip=\skip41
\beamer@areabox=\box30
\beamer@animcurrent=\box31
\beamer@animshowbox=\box32
\beamer@sectionbox=\box33
\beamer@logobox=\box34
\beamer@linebox=\box35
\beamer@sectioncount=\count86
\beamer@subsubsectionmax=\count87
\beamer@subsectionmax=\count88
\beamer@sectionmax=\count89
\beamer@totalheads=\count90
\beamer@headcounter=\count91
\beamer@partstartpage=\count92
\beamer@sectionstartpage=\count93
\beamer@subsectionstartpage=\count94
\beamer@animationtempa=\count95
\beamer@animationtempb=\count96
\beamer@xpos=\count97
\beamer@ypos=\count98
\beamer@ypos@offset=\count99
\beamer@showpartnumber=\count100
\beamer@currentsubsection=\count101
\beamer@coveringdepth=\count102
\beamer@sectionadjust=\count103
\beamer@tocsectionnumber=\count104

("C:/Users/user/AppData/Local/Programs/MiKTeX 2.9/tex/latex/beamer/beamerbaseop
tions.sty"
("C:/Users/user/AppData/Local/Programs/MiKTeX 2.9/tex/latex/graphics/keyval.sty
"
Package: keyval 2014/10/28 v1.15 key=value parser (DPC)
\KV@toks@=\toks14
))
\beamer@paperwidth=\skip42
\beamer@paperheight=\skip43

("C:/Users/user/AppData/Local/Programs/MiKTeX 2.9/tex/latex/geometry/geometry.s
ty"
Package: geometry 2018/04/16 v5.8 Page Geometry

("C:/Users/user/AppData/Local/Programs/MiKTeX 2.9/tex/generic/oberdiek/ifvtex.s
ty"
Package: ifvtex 2016/05/16 v1.6 Detect VTeX and its facilities (HO)
Package ifvtex Info: VTeX not detected.
)
("C:/Users/user/AppData/Local/Programs/MiKTeX 2.9/tex/generic/ifxetex/ifxetex.s
ty"
Package: ifxetex 2010/09/12 v0.6 Provides ifxetex conditional
)
\Gm@cnth=\count105
\Gm@cntv=\count106
\c@Gm@tempcnt=\count107
\Gm@bindingoffset=\dimen118
\Gm@wd@mp=\dimen119
\Gm@odd@mp=\dimen120
\Gm@even@mp=\dimen121
\Gm@layoutwidth=\dimen122
\Gm@layoutheight=\dimen123
\Gm@layouthoffset=\dimen124
\Gm@layoutvoffset=\dimen125
\Gm@dimlist=\toks15

("C:/Users/user/AppData/Local/Programs/MiKTeX 2.9/tex/latex/geometry/geometry.c
fg"))
("C:/Users/user/AppData/Local/Programs/MiKTeX 2.9/tex/latex/base/size11.clo"
File: size11.clo 2018/09/03 v1.4i Standard LaTeX file (size option)
luaotfload | db : Font names database loaded from C:/Users/user/AppData/Local/Mi
KTeX/2.9/luatex-cache/generic/names/luaotfload-names.luc)
("C:/Users/user/AppData/Local/Programs/MiKTeX 2.9/tex/latex/pgf/basiclayer/pgfc
ore.sty"
("C:/Users/user/AppData/Local/Programs/MiKTeX 2.9/tex/latex/graphics/graphicx.s
ty"
Package: graphicx 2017/06/01 v1.1a Enhanced LaTeX Graphics (DPC,SPQR)

("C:/Users/user/AppData/Local/Programs/MiKTeX 2.9/tex/latex/graphics/graphics.s
ty"
Package: graphics 2017/06/25 v1.2c Standard LaTeX Graphics (DPC,SPQR)

("C:/Users/user/AppData/Local/Programs/MiKTeX 2.9/tex/latex/graphics/trig.sty"
Package: trig 2016/01/03 v1.10 sin cos tan (DPC)
)
("C:/Users/user/AppData/Local/Programs/MiKTeX 2.9/tex/latex/graphics-cfg/graphi
cs.cfg"
File: graphics.cfg 2016/06/04 v1.11 sample graphics configuration
)
Package graphics Info: Driver file: luatex.def on input line 99.

("C:/Users/user/AppData/Local/Programs/MiKTeX 2.9/tex/latex/graphics-def/luatex
.def"
File: luatex.def 2018/01/08 v1.0l Graphics/color driver for luatex
))
\Gin@req@height=\dimen126
\Gin@req@width=\dimen127
)
("C:/Users/user/AppData/Local/Programs/MiKTeX 2.9/tex/latex/pgf/systemlayer/pgf
sys.sty"
("C:/Users/user/AppData/Local/Programs/MiKTeX 2.9/tex/latex/pgf/utilities/pgfrc
s.sty"
("C:/Users/user/AppData/Local/Programs/MiKTeX 2.9/tex/generic/pgf/utilities/pgf
util-common.tex"
\pgfutil@everybye=\toks16
\pgfutil@tempdima=\dimen128
\pgfutil@tempdimb=\dimen129

("C:/Users/user/AppData/Local/Programs/MiKTeX 2.9/tex/generic/pgf/utilities/pgf
util-common-lists.tex"))
("C:/Users/user/AppData/Local/Programs/MiKTeX 2.9/tex/generic/pgf/utilities/pgf
util-latex.def"
\pgfutil@abb=\box36

("C:/Users/user/AppData/Local/Programs/MiKTeX 2.9/tex/latex/ms/everyshi.sty"
Package: everyshi 2001/05/15 v3.00 EveryShipout Package (MS)
))
("C:/Users/user/AppData/Local/Programs/MiKTeX 2.9/tex/generic/pgf/utilities/pgf
rcs.code.tex"
("C:/Users/user/AppData/Local/Programs/MiKTeX 2.9/tex/generic/pgf/pgf.revision.
tex")
Package: pgfrcs 2019/08/03 v3.1.4b (3.1.4b)
))
("C:/Users/user/AppData/Local/Programs/MiKTeX 2.9/tex/generic/pgf/systemlayer/p
gfsys.code.tex"
Package: pgfsys 2019/08/03 v3.1.4b (3.1.4b)

("C:/Users/user/AppData/Local/Programs/MiKTeX 2.9/tex/generic/pgf/utilities/pgf
keys.code.tex"
\pgfkeys@pathtoks=\toks17
\pgfkeys@temptoks=\toks18

("C:/Users/user/AppData/Local/Programs/MiKTeX 2.9/tex/generic/pgf/utilities/pgf
keysfiltered.code.tex"
\pgfkeys@tmptoks=\toks19
))
\pgf@x=\dimen130
\pgf@y=\dimen131
\pgf@xa=\dimen132
\pgf@ya=\dimen133
\pgf@xb=\dimen134
\pgf@yb=\dimen135
\pgf@xc=\dimen136
\pgf@yc=\dimen137
\pgf@xd=\dimen138
\pgf@yd=\dimen139
\w@pgf@writea=\write3
\r@pgf@reada=\read1
\c@pgf@counta=\count108
\c@pgf@countb=\count109
\c@pgf@countc=\count110
\c@pgf@countd=\count111
\t@pgf@toka=\toks20
\t@pgf@tokb=\toks21
\t@pgf@tokc=\toks22
\pgf@sys@id@count=\count112

("C:/Users/user/AppData/Local/Programs/MiKTeX 2.9/tex/generic/pgf/systemlayer/p
gf.cfg"
File: pgf.cfg 2019/08/03 v3.1.4b (3.1.4b)
)
Driver file for pgf: pgfsys-luatex.def

("C:/Users/user/AppData/Local/Programs/MiKTeX 2.9/tex/generic/pgf/systemlayer/p
gfsys-luatex.def"
File: pgfsys-luatex.def 2019/08/03 v3.1.4b (3.1.4b)

("C:/Users/user/AppData/Local/Programs/MiKTeX 2.9/tex/generic/pgf/systemlayer/p
gfsys-common-pdf.def"
File: pgfsys-common-pdf.def 2019/08/03 v3.1.4b (3.1.4b)
)))
("C:/Users/user/AppData/Local/Programs/MiKTeX 2.9/tex/generic/pgf/systemlayer/p
gfsyssoftpath.code.tex"
File: pgfsyssoftpath.code.tex 2019/08/03 v3.1.4b (3.1.4b)
\pgfsyssoftpath@smallbuffer@items=\count113
\pgfsyssoftpath@bigbuffer@items=\count114
)
("C:/Users/user/AppData/Local/Programs/MiKTeX 2.9/tex/generic/pgf/systemlayer/p
gfsysprotocol.code.tex"
File: pgfsysprotocol.code.tex 2019/08/03 v3.1.4b (3.1.4b)
))
("C:/Users/user/AppData/Local/Programs/MiKTeX 2.9/tex/latex/xcolor/xcolor.sty"
Package: xcolor 2016/05/11 v2.12 LaTeX color extensions (UK)

("C:/Users/user/AppData/Local/Programs/MiKTeX 2.9/tex/latex/graphics-cfg/color.
cfg"
File: color.cfg 2016/01/02 v1.6 sample color configuration
)
Package xcolor Info: Driver file: luatex.def on input line 225.
Package xcolor Info: Model `cmy' substituted by `cmy0' on input line 1348.
Package xcolor Info: Model `hsb' substituted by `rgb' on input line 1352.
Package xcolor Info: Model `RGB' extended on input line 1364.
Package xcolor Info: Model `HTML' substituted by `rgb' on input line 1366.
Package xcolor Info: Model `Hsb' substituted by `hsb' on input line 1367.
Package xcolor Info: Model `tHsb' substituted by `hsb' on input line 1368.
Package xcolor Info: Model `HSB' substituted by `hsb' on input line 1369.
Package xcolor Info: Model `Gray' substituted by `gray' on input line 1370.
Package xcolor Info: Model `wave' substituted by `hsb' on input line 1371.
)
("C:/Users/user/AppData/Local/Programs/MiKTeX 2.9/tex/generic/pgf/basiclayer/pg
fcore.code.tex"
Package: pgfcore 2019/08/03 v3.1.4b (3.1.4b)

("C:/Users/user/AppData/Local/Programs/MiKTeX 2.9/tex/generic/pgf/math/pgfmath.
code.tex"
("C:/Users/user/AppData/Local/Programs/MiKTeX 2.9/tex/generic/pgf/math/pgfmathc
alc.code.tex"
("C:/Users/user/AppData/Local/Programs/MiKTeX 2.9/tex/generic/pgf/math/pgfmathu
til.code.tex")
("C:/Users/user/AppData/Local/Programs/MiKTeX 2.9/tex/generic/pgf/math/pgfmathp
arser.code.tex"
\pgfmath@dimen=\dimen140
\pgfmath@count=\count115
\pgfmath@box=\box37
\pgfmath@toks=\toks23
\pgfmath@stack@operand=\toks24
\pgfmath@stack@operation=\toks25
)
("C:/Users/user/AppData/Local/Programs/MiKTeX 2.9/tex/generic/pgf/math/pgfmathf
unctions.code.tex"
("C:/Users/user/AppData/Local/Programs/MiKTeX 2.9/tex/generic/pgf/math/pgfmathf
unctions.basic.code.tex")
("C:/Users/user/AppData/Local/Programs/MiKTeX 2.9/tex/generic/pgf/math/pgfmathf
unctions.trigonometric.code.tex")
("C:/Users/user/AppData/Local/Programs/MiKTeX 2.9/tex/generic/pgf/math/pgfmathf
unctions.random.code.tex")
("C:/Users/user/AppData/Local/Programs/MiKTeX 2.9/tex/generic/pgf/math/pgfmathf
unctions.comparison.code.tex")
("C:/Users/user/AppData/Local/Programs/MiKTeX 2.9/tex/generic/pgf/math/pgfmathf
unctions.base.code.tex")
("C:/Users/user/AppData/Local/Programs/MiKTeX 2.9/tex/generic/pgf/math/pgfmathf
unctions.round.code.tex")
("C:/Users/user/AppData/Local/Programs/MiKTeX 2.9/tex/generic/pgf/math/pgfmathf
unctions.misc.code.tex")
("C:/Users/user/AppData/Local/Programs/MiKTeX 2.9/tex/generic/pgf/math/pgfmathf
unctions.integerarithmetics.code.tex")))
("C:/Users/user/AppData/Local/Programs/MiKTeX 2.9/tex/generic/pgf/math/pgfmathf
loat.code.tex"
\c@pgfmathroundto@lastzeros=\count116
))
("C:/Users/user/AppData/Local/Programs/MiKTeX 2.9/tex/generic/pgf/math/pgfint.c
ode.tex")
("C:/Users/user/AppData/Local/Programs/MiKTeX 2.9/tex/generic/pgf/basiclayer/pg
fcorepoints.code.tex"
File: pgfcorepoints.code.tex 2019/08/03 v3.1.4b (3.1.4b)
\pgf@picminx=\dimen141
\pgf@picmaxx=\dimen142
\pgf@picminy=\dimen143
\pgf@picmaxy=\dimen144
\pgf@pathminx=\dimen145
\pgf@pathmaxx=\dimen146
\pgf@pathminy=\dimen147
\pgf@pathmaxy=\dimen148
\pgf@xx=\dimen149
\pgf@xy=\dimen150
\pgf@yx=\dimen151
\pgf@yy=\dimen152
\pgf@zx=\dimen153
\pgf@zy=\dimen154
)
("C:/Users/user/AppData/Local/Programs/MiKTeX 2.9/tex/generic/pgf/basiclayer/pg
fcorepathconstruct.code.tex"
File: pgfcorepathconstruct.code.tex 2019/08/03 v3.1.4b (3.1.4b)
\pgf@path@lastx=\dimen155
\pgf@path@lasty=\dimen156
)
("C:/Users/user/AppData/Local/Programs/MiKTeX 2.9/tex/generic/pgf/basiclayer/pg
fcorepathusage.code.tex"
File: pgfcorepathusage.code.tex 2019/08/03 v3.1.4b (3.1.4b)
\pgf@shorten@end@additional=\dimen157
\pgf@shorten@start@additional=\dimen158
)
("C:/Users/user/AppData/Local/Programs/MiKTeX 2.9/tex/generic/pgf/basiclayer/pg
fcorescopes.code.tex"
File: pgfcorescopes.code.tex 2019/08/03 v3.1.4b (3.1.4b)
\pgfpic=\box38
\pgf@hbox=\box39
\pgf@layerbox@main=\box40
\pgf@picture@serial@count=\count117
)
("C:/Users/user/AppData/Local/Programs/MiKTeX 2.9/tex/generic/pgf/basiclayer/pg
fcoregraphicstate.code.tex"
File: pgfcoregraphicstate.code.tex 2019/08/03 v3.1.4b (3.1.4b)
\pgflinewidth=\dimen159
)
("C:/Users/user/AppData/Local/Programs/MiKTeX 2.9/tex/generic/pgf/basiclayer/pg
fcoretransformations.code.tex"
File: pgfcoretransformations.code.tex 2019/08/03 v3.1.4b (3.1.4b)
\pgf@pt@x=\dimen160
\pgf@pt@y=\dimen161
\pgf@pt@temp=\dimen162
)
("C:/Users/user/AppData/Local/Programs/MiKTeX 2.9/tex/generic/pgf/basiclayer/pg
fcorequick.code.tex"
File: pgfcorequick.code.tex 2019/08/03 v3.1.4b (3.1.4b)
)
("C:/Users/user/AppData/Local/Programs/MiKTeX 2.9/tex/generic/pgf/basiclayer/pg
fcoreobjects.code.tex"
File: pgfcoreobjects.code.tex 2019/08/03 v3.1.4b (3.1.4b)
)
("C:/Users/user/AppData/Local/Programs/MiKTeX 2.9/tex/generic/pgf/basiclayer/pg
fcorepathprocessing.code.tex"
File: pgfcorepathprocessing.code.tex 2019/08/03 v3.1.4b (3.1.4b)
)
("C:/Users/user/AppData/Local/Programs/MiKTeX 2.9/tex/generic/pgf/basiclayer/pg
fcorearrows.code.tex"
File: pgfcorearrows.code.tex 2019/08/03 v3.1.4b (3.1.4b)
\pgfarrowsep=\dimen163
)
("C:/Users/user/AppData/Local/Programs/MiKTeX 2.9/tex/generic/pgf/basiclayer/pg
fcoreshade.code.tex"
File: pgfcoreshade.code.tex 2019/08/03 v3.1.4b (3.1.4b)
\pgf@max=\dimen164
\pgf@sys@shading@range@num=\count118
\pgf@shadingcount=\count119
)
("C:/Users/user/AppData/Local/Programs/MiKTeX 2.9/tex/generic/pgf/basiclayer/pg
fcoreimage.code.tex"
File: pgfcoreimage.code.tex 2019/08/03 v3.1.4b (3.1.4b)

("C:/Users/user/AppData/Local/Programs/MiKTeX 2.9/tex/generic/pgf/basiclayer/pg
fcoreexternal.code.tex"
File: pgfcoreexternal.code.tex 2019/08/03 v3.1.4b (3.1.4b)
\pgfexternal@startupbox=\box41
))
("C:/Users/user/AppData/Local/Programs/MiKTeX 2.9/tex/generic/pgf/basiclayer/pg
fcorelayers.code.tex"
File: pgfcorelayers.code.tex 2019/08/03 v3.1.4b (3.1.4b)
)
("C:/Users/user/AppData/Local/Programs/MiKTeX 2.9/tex/generic/pgf/basiclayer/pg
fcoretransparency.code.tex"
File: pgfcoretransparency.code.tex 2019/08/03 v3.1.4b (3.1.4b)
)
("C:/Users/user/AppData/Local/Programs/MiKTeX 2.9/tex/generic/pgf/basiclayer/pg
fcorepatterns.code.tex"
File: pgfcorepatterns.code.tex 2019/08/03 v3.1.4b (3.1.4b)
)
("C:/Users/user/AppData/Local/Programs/MiKTeX 2.9/tex/generic/pgf/basiclayer/pg
fcorerdf.code.tex"
File: pgfcorerdf.code.tex 2019/08/03 v3.1.4b (3.1.4b)
)))
("C:/Users/user/AppData/Local/Programs/MiKTeX 2.9/tex/latex/pgf/utilities/xxcol
or.sty"
Package: xxcolor 2003/10/24 ver 0.1
\XC@nummixins=\count120
\XC@countmixins=\count121
)
("C:/Users/user/AppData/Local/Programs/MiKTeX 2.9/tex/generic/oberdiek/atbegshi
.sty"
Package: atbegshi 2016/06/09 v1.18 At begin shipout hook (HO)

("C:/Users/user/AppData/Local/Programs/MiKTeX 2.9/tex/generic/oberdiek/infwarer
r.sty"
Package: infwarerr 2016/05/16 v1.4 Providing info/warning/error messages (HO)
)
("C:/Users/user/AppData/Local/Programs/MiKTeX 2.9/tex/generic/oberdiek/ltxcmds.
sty"
Package: ltxcmds 2016/05/16 v1.23 LaTeX kernel commands for general use (HO)
))
("C:/Users/user/AppData/Local/Programs/MiKTeX 2.9/tex/latex/hyperref/hyperref.s
ty"
Package: hyperref 2019/06/12 v6.88h Hypertext links for LaTeX

("C:/Users/user/AppData/Local/Programs/MiKTeX 2.9/tex/generic/oberdiek/hobsub-h
yperref.sty"
Package: hobsub-hyperref 2016/05/16 v1.14 Bundle oberdiek, subset hyperref (HO)

("C:/Users/user/AppData/Local/Programs/MiKTeX 2.9/tex/generic/oberdiek/hobsub-g
eneric.sty"
Package: hobsub-generic 2016/05/16 v1.14 Bundle oberdiek, subset generic (HO)
Package: hobsub 2016/05/16 v1.14 Construct package bundles (HO)
Package hobsub Info: Skipping package `infwarerr' (already loaded).
Package hobsub Info: Skipping package `ltxcmds' (already loaded).
Package: ifluatex 2016/05/16 v1.4 Provides the ifluatex switch (HO)
Package ifluatex Info: LuaTeX detected.
Package hobsub Info: Skipping package `ifvtex' (already loaded).
Package: intcalc 2016/05/16 v1.2 Expandable calculations with integers (HO)
Package hobsub Info: Skipping package `ifpdf' (already loaded).
Package: etexcmds 2016/05/16 v1.6 Avoid name clashes with e-TeX commands (HO)
Package: kvsetkeys 2016/05/16 v1.17 Key value parser (HO)
Package: kvdefinekeys 2016/05/16 v1.4 Define keys (HO)
Package: luatex-loader 2019/07/25 v0.7 Lua module loader (HO)

(C:/Users/user/AppData/Local/Programs/MiKTeX 2.9/scripts/oberdiek/oberdiek.luate
x.lua)
Package: pdftexcmds 2019/07/25 v0.30 Utility functions of pdfTeX for LuaTeX (HO)

Package pdftexcmds Info: \pdf@primitive is available.
Package pdftexcmds Info: \pdf@ifprimitive is available.
Package pdftexcmds Info: \pdfdraftmode found.
\pdftexcmds@toks=\toks26
Package: pdfescape 2016/05/16 v1.14 Implements pdfTeX's escape features (HO)
Package: bigintcalc 2016/05/16 v1.4 Expandable calculations on big integers (HO)

Package: bitset 2016/05/16 v1.2 Handle bit-vector datatype (HO)
Package: uniquecounter 2016/05/16 v1.3 Provide unlimited unique counter (HO)
)
Package hobsub Info: Skipping package `hobsub' (already loaded).
Package: letltxmacro 2016/05/16 v1.5 Let assignment for LaTeX macros (HO)
Package: hopatch 2016/05/16 v1.3 Wrapper for package hooks (HO)
Package: xcolor-patch 2016/05/16 xcolor patch
Package: atveryend 2016/05/16 v1.9 Hooks at the very end of document (HO)
Package hobsub Info: Skipping package `atbegshi' (already loaded).
Package: refcount 2016/05/16 v3.5 Data extraction from label references (HO)
Package: hycolor 2016/05/16 v1.8 Color options for hyperref/bookmark (HO)
)
("C:/Users/user/AppData/Local/Programs/MiKTeX 2.9/tex/latex/oberdiek/auxhook.st
y"
Package: auxhook 2016/05/16 v1.4 Hooks for auxiliary files (HO)
)
("C:/Users/user/AppData/Local/Programs/MiKTeX 2.9/tex/latex/oberdiek/kvoptions.
sty"
Package: kvoptions 2016/05/16 v3.12 Key value format for package options (HO)
)
\@linkdim=\dimen165
\Hy@linkcounter=\count122
\Hy@pagecounter=\count123

("C:/Users/user/AppData/Local/Programs/MiKTeX 2.9/tex/latex/hyperref/pd1enc.def
"
File: pd1enc.def 2019/06/12 v6.88h Hyperref: PDFDocEncoding definition (HO)
)
\Hy@SavedSpaceFactor=\count124

("C:/Users/user/AppData/Local/Programs/MiKTeX 2.9/tex/latex/00miktex/hyperref.c
fg"
File: hyperref.cfg 2002/06/06 v1.2 hyperref configuration of TeXLive
)
Package hyperref Info: Option `bookmarks' set `true' on input line 4424.
Package hyperref Info: Option `bookmarksopen' set `true' on input line 4424.
Package hyperref Info: Option `implicit' set `false' on input line 4424.
Package hyperref Info: Hyper figures OFF on input line 4550.
Package hyperref Info: Link nesting OFF on input line 4555.
Package hyperref Info: Hyper index ON on input line 4558.
Package hyperref Info: Plain pages OFF on input line 4565.
Package hyperref Info: Backreferencing OFF on input line 4570.
Package hyperref Info: Implicit mode OFF; no redefinition of LaTeX internals.
Package hyperref Info: Bookmarks ON on input line 4803.
\c@Hy@tempcnt=\count125
 ("C:/Users/user/AppData/Local/Programs/MiKTeX 2.9/tex/latex/url/url.sty"
\Urlmuskip=\muskip10
Package: url 2013/09/16  ver 3.4  Verb mode for urls, etc.
)
LaTeX Info: Redefining \url on input line 5156.
\XeTeXLinkMargin=\dimen166
\Fld@menulength=\count126
\Field@Width=\dimen167
\Fld@charsize=\dimen168
Package hyperref Info: Hyper figures OFF on input line 6411.
Package hyperref Info: Link nesting OFF on input line 6416.
Package hyperref Info: Hyper index ON on input line 6419.
Package hyperref Info: backreferencing OFF on input line 6426.
Package hyperref Info: Link coloring OFF on input line 6431.
Package hyperref Info: Link coloring with OCG OFF on input line 6436.
Package hyperref Info: PDF/A mode OFF on input line 6441.
LaTeX Info: Redefining \ref on input line 6481.
LaTeX Info: Redefining \pageref on input line 6485.
\Hy@abspage=\count127


Package hyperref Message: Stopped early.

)
Package hyperref Info: Driver (autodetected): hluatex.

("C:/Users/user/AppData/Local/Programs/MiKTeX 2.9/tex/latex/hyperref/hluatex.de
f"
File: hluatex.def 2019/06/12 v6.88h Hyperref driver for luaTeX
\Fld@listcount=\count128
\c@bookmark@seq@number=\count129

("C:/Users/user/AppData/Local/Programs/MiKTeX 2.9/tex/latex/oberdiek/rerunfilec
heck.sty"
Package: rerunfilecheck 2016/05/16 v1.8 Rerun checks for auxiliary files (HO)
Package uniquecounter Info: New unique counter `rerunfilecheck' on input line 28
2.
))
("C:/Users/user/AppData/Local/Programs/MiKTeX 2.9/tex/latex/beamer/beamerbasere
quires.sty"
("C:/Users/user/AppData/Local/Programs/MiKTeX 2.9/tex/latex/beamer/beamerbaseco
mpatibility.sty")
("C:/Users/user/AppData/Local/Programs/MiKTeX 2.9/tex/latex/beamer/beamerbasefo
nt.sty"
("C:/Users/user/AppData/Local/Programs/MiKTeX 2.9/tex/latex/amsfonts/amssymb.st
y"
Package: amssymb 2013/01/14 v3.01 AMS font symbols

("C:/Users/user/AppData/Local/Programs/MiKTeX 2.9/tex/latex/amsfonts/amsfonts.s
ty"
Package: amsfonts 2013/01/14 v3.01 Basic AMSFonts support
\@emptytoks=\toks27
\symAMSa=\mathgroup4
\symAMSb=\mathgroup5
LaTeX Font Info:    Overwriting math alphabet `\mathfrak' in version `bold'
(Font)                  U/euf/m/n --> U/euf/b/n on input line 106.
))
("C:/Users/user/AppData/Local/Programs/MiKTeX 2.9/tex/latex/sansmathaccent/sans
mathaccent.sty"
Package: sansmathaccent 2020/01/31

("C:/Users/user/AppData/Local/Programs/MiKTeX 2.9/tex/latex/koma-script/scrlfil
e.sty"
Package: scrlfile 2019/02/01 v3.26b KOMA-Script package (loading files)
)))
("C:/Users/user/AppData/Local/Programs/MiKTeX 2.9/tex/latex/beamer/beamerbasetr
anslator.sty"
("C:/Users/user/AppData/Local/Programs/MiKTeX 2.9/tex/latex/translator/translat
or.sty"
Package: translator 2020-08-03 v1.12c Easy translation of strings in LaTeX
))
("C:/Users/user/AppData/Local/Programs/MiKTeX 2.9/tex/latex/beamer/beamerbasemi
sc.sty")
("C:/Users/user/AppData/Local/Programs/MiKTeX 2.9/tex/latex/beamer/beamerbasetw
oscreens.sty")
("C:/Users/user/AppData/Local/Programs/MiKTeX 2.9/tex/latex/beamer/beamerbaseov
erlay.sty"
\beamer@argscount=\count130
\beamer@lastskipcover=\skip44
\beamer@trivlistdepth=\count131
)
("C:/Users/user/AppData/Local/Programs/MiKTeX 2.9/tex/latex/beamer/beamerbaseti
tle.sty")
("C:/Users/user/AppData/Local/Programs/MiKTeX 2.9/tex/latex/beamer/beamerbasese
ction.sty"
\c@lecture=\count132
\c@part=\count133
\c@section=\count134
\c@subsection=\count135
\c@subsubsection=\count136
)
("C:/Users/user/AppData/Local/Programs/MiKTeX 2.9/tex/latex/beamer/beamerbasefr
ame.sty"
\beamer@framebox=\box42
\beamer@frametitlebox=\box43
\beamer@zoombox=\box44
\beamer@zoomcount=\count137
\beamer@zoomframecount=\count138
\beamer@frametextheight=\dimen169
\c@subsectionslide=\count139
\beamer@frametopskip=\skip45
\beamer@framebottomskip=\skip46
\beamer@frametopskipautobreak=\skip47
\beamer@framebottomskipautobreak=\skip48
\beamer@envbody=\toks28
\framewidth=\dimen170
\c@framenumber=\count140
)
("C:/Users/user/AppData/Local/Programs/MiKTeX 2.9/tex/latex/beamer/beamerbaseve
rbatim.sty"
\beamer@verbatimfileout=\write4
)
("C:/Users/user/AppData/Local/Programs/MiKTeX 2.9/tex/latex/beamer/beamerbasefr
amesize.sty"
\beamer@splitbox=\box45
\beamer@autobreakcount=\count141
\beamer@autobreaklastheight=\dimen171
\beamer@frametitletoks=\toks29
\beamer@framesubtitletoks=\toks30
)
("C:/Users/user/AppData/Local/Programs/MiKTeX 2.9/tex/latex/beamer/beamerbasefr
amecomponents.sty"
\beamer@footins=\box46
)
("C:/Users/user/AppData/Local/Programs/MiKTeX 2.9/tex/latex/beamer/beamerbaseco
lor.sty")
("C:/Users/user/AppData/Local/Programs/MiKTeX 2.9/tex/latex/beamer/beamerbaseno
tes.sty"
\beamer@frameboxcopy=\box47
)
("C:/Users/user/AppData/Local/Programs/MiKTeX 2.9/tex/latex/beamer/beamerbaseto
c.sty")
("C:/Users/user/AppData/Local/Programs/MiKTeX 2.9/tex/latex/beamer/beamerbasete
mplates.sty"
\beamer@sbttoks=\toks31

("C:/Users/user/AppData/Local/Programs/MiKTeX 2.9/tex/latex/beamer/beamerbaseau
xtemplates.sty"
("C:/Users/user/AppData/Local/Programs/MiKTeX 2.9/tex/latex/beamer/beamerbasebo
xes.sty"
\bmb@box=\box48
\bmb@colorbox=\box49
\bmb@boxshadow=\box50
\bmb@boxshadowball=\box51
\bmb@boxshadowballlarge=\box52
\bmb@temp=\dimen172
\bmb@dima=\dimen173
\bmb@dimb=\dimen174
\bmb@prevheight=\dimen175
)
\beamer@blockheadheight=\dimen176
))
("C:/Users/user/AppData/Local/Programs/MiKTeX 2.9/tex/latex/beamer/beamerbaselo
calstructure.sty"
("C:/Users/user/AppData/Local/Programs/MiKTeX 2.9/tex/latex/tools/enumerate.sty
"
Package: enumerate 2015/07/23 v3.00 enumerate extensions (DPC)
\@enLab=\toks32
)
\c@figure=\count142
\c@table=\count143
\abovecaptionskip=\skip49
\belowcaptionskip=\skip50
)
("C:/Users/user/AppData/Local/Programs/MiKTeX 2.9/tex/latex/beamer/beamerbasena
vigation.sty"
\beamer@section@min@dim=\dimen177
)
("C:/Users/user/AppData/Local/Programs/MiKTeX 2.9/tex/latex/beamer/beamerbaseth
eorems.sty"
("C:/Users/user/AppData/Local/Programs/MiKTeX 2.9/tex/latex/amsmath/amsmath.sty
"
Package: amsmath 2018/12/01 v2.17b AMS math features
\@mathmargin=\skip51

For additional information on amsmath, use the `?' option.
("C:/Users/user/AppData/Local/Programs/MiKTeX 2.9/tex/latex/amsmath/amstext.sty
"
Package: amstext 2000/06/29 v2.01 AMS text
 ("C:/Users/user/AppData/Local/Programs/MiKTeX 2.9/tex/latex/amsmath/amsgen.sty
"
File: amsgen.sty 1999/11/30 v2.0 generic functions
\@emptytoks=\toks33
\ex@=\dimen178
))
("C:/Users/user/AppData/Local/Programs/MiKTeX 2.9/tex/latex/amsmath/amsbsy.sty"
Package: amsbsy 1999/11/29 v1.2d Bold Symbols
\pmbraise@=\dimen179
) ("C:/Users/user/AppData/Local/Programs/MiKTeX 2.9/tex/latex/amsmath/amsopn.st
y"
Package: amsopn 2016/03/08 v2.02 operator names
)
\inf@bad=\count144
LaTeX Info: Redefining \frac on input line 223.
\uproot@=\count145
\leftroot@=\count146
LaTeX Info: Redefining \overline on input line 385.
\classnum@=\count147
\DOTSCASE@=\count148
LaTeX Info: Redefining \ldots on input line 482.
LaTeX Info: Redefining \dots on input line 485.
LaTeX Info: Redefining \cdots on input line 606.
\Mathstrutbox@=\box53
\strutbox@=\box54
\big@size=\dimen180
LaTeX Font Info:    Redeclaring font encoding OML on input line 729.
LaTeX Font Info:    Redeclaring font encoding OMS on input line 730.
\macc@depth=\count149
\c@MaxMatrixCols=\count150
\dotsspace@=\muskip11
\c@parentequation=\count151
\dspbrk@lvl=\count152
\tag@help=\toks34
\row@=\count153
\column@=\count154
\maxfields@=\count155
\andhelp@=\toks35
\eqnshift@=\dimen181
\alignsep@=\dimen182
\tagshift@=\dimen183
\tagwidth@=\dimen184
\totwidth@=\dimen185
\lineht@=\dimen186
\@envbody=\toks36
\multlinegap=\skip52
\multlinetaggap=\skip53
\mathdisplay@stack=\toks37
LaTeX Info: Redefining \[ on input line 2844.
LaTeX Info: Redefining \] on input line 2845.
)
("C:/Users/user/AppData/Local/Programs/MiKTeX 2.9/tex/latex/amscls/amsthm.sty"
Package: amsthm 2017/10/31 v2.20.4
\thm@style=\toks38
\thm@bodyfont=\toks39
\thm@headfont=\toks40
\thm@notefont=\toks41
\thm@headpunct=\toks42
\thm@preskip=\skip54
\thm@postskip=\skip55
\thm@headsep=\skip56
\dth@everypar=\toks43
)
\c@theorem=\count156
)
("C:/Users/user/AppData/Local/Programs/MiKTeX 2.9/tex/latex/beamer/beamerbaseth
emes.sty"))
("C:/Users/user/AppData/Local/Programs/MiKTeX 2.9/tex/latex/beamer/beamerthemed
efault.sty"
("C:/Users/user/AppData/Local/Programs/MiKTeX 2.9/tex/latex/beamer/beamerfontth
emedefault.sty")
("C:/Users/user/AppData/Local/Programs/MiKTeX 2.9/tex/latex/beamer/beamercolort
hemedefault.sty")
("C:/Users/user/AppData/Local/Programs/MiKTeX 2.9/tex/latex/beamer/beamerinnert
hemedefault.sty"
\beamer@dima=\dimen187
\beamer@dimb=\dimen188
)
("C:/Users/user/AppData/Local/Programs/MiKTeX 2.9/tex/latex/beamer/beameroutert
hemedefault.sty")))
("C:/Users/user/AppData/Local/Programs/MiKTeX 2.9/tex/latex/beamer/beamerthemeB
oadilla.sty"
("C:/Users/user/AppData/Local/Programs/MiKTeX 2.9/tex/latex/beamer/beamercolort
hemerose.sty")
("C:/Users/user/AppData/Local/Programs/MiKTeX 2.9/tex/latex/beamer/beamerinnert
hemerounded.sty")
("C:/Users/user/AppData/Local/Programs/MiKTeX 2.9/tex/latex/beamer/beamercolort
hemedolphin.sty")
("C:/Users/user/AppData/Local/Programs/MiKTeX 2.9/tex/latex/beamer/beameroutert
hemeinfolines.sty"))
("C:/Users/user/AppData/Local/Programs/MiKTeX 2.9/tex/latex/beamer/beamercolort
hemebeaver.sty")
("C:/Users/user/AppData/Local/Programs/MiKTeX 2.9/tex/latex/beamer/beamerfontth
emeserif.sty")
\c@lem=\count157
\c@goal=\count158
\c@defi=\count159
\c@pos=\count160

("C:/Users/user/AppData/Local/Programs/MiKTeX 2.9/tex/latex/mathtools/mathtools
.sty"
Package: mathtools 2019/07/31 v1.22 mathematical typesetting tools
 ("C:/Users/user/AppData/Local/Programs/MiKTeX 2.9/tex/latex/tools/calc.sty"
Package: calc 2017/05/25 v4.3 Infix arithmetic (KKT,FJ)
\calc@Acount=\count161
\calc@Bcount=\count162
\calc@Adimen=\dimen189
\calc@Bdimen=\dimen190
\calc@Askip=\skip57
\calc@Bskip=\skip58
LaTeX Info: Redefining \setlength on input line 80.
LaTeX Info: Redefining \addtolength on input line 81.
\calc@Ccount=\count163
\calc@Cskip=\skip59
)
("C:/Users/user/AppData/Local/Programs/MiKTeX 2.9/tex/latex/mathtools/mhsetup.s
ty"
Package: mhsetup 2017/03/31 v1.3 programming setup (MH)
)
LaTeX Info: Thecontrolsequence`\('isalreadyrobust on input line 129.
LaTeX Info: Thecontrolsequence`\)'isalreadyrobust on input line 129.
LaTeX Info: Thecontrolsequence`\['isalreadyrobust on input line 129.
LaTeX Info: Thecontrolsequence`\]'isalreadyrobust on input line 129.
\g_MT_multlinerow_int=\count164
\l_MT_multwidth_dim=\dimen191
\origjot=\skip60
\l_MT_shortvdotswithinadjustabove_dim=\dimen192
\l_MT_shortvdotswithinadjustbelow_dim=\dimen193
\l_MT_above_intertext_sep=\dimen194
\l_MT_below_intertext_sep=\dimen195
\l_MT_above_shortintertext_sep=\dimen196
\l_MT_below_shortintertext_sep=\dimen197
) (./pres.aux)
\openout1 = pres.aux

LaTeX Font Info:    Checking defaults for OML/cmm/m/it on input line 17.
LaTeX Font Info:    ... okay on input line 17.
LaTeX Font Info:    Checking defaults for T1/cmr/m/n on input line 17.
LaTeX Font Info:    ... okay on input line 17.
LaTeX Font Info:    Checking defaults for OT1/cmr/m/n on input line 17.
LaTeX Font Info:    ... okay on input line 17.
LaTeX Font Info:    Checking defaults for OMS/cmsy/m/n on input line 17.
LaTeX Font Info:    ... okay on input line 17.
LaTeX Font Info:    Checking defaults for TU/lmr/m/n on input line 17.
LaTeX Font Info:    ... okay on input line 17.
LaTeX Font Info:    Checking defaults for OMX/cmex/m/n on input line 17.
LaTeX Font Info:    ... okay on input line 17.
LaTeX Font Info:    Checking defaults for U/cmr/m/n on input line 17.
LaTeX Font Info:    ... okay on input line 17.
LaTeX Font Info:    Checking defaults for PD1/pdf/m/n on input line 17.
LaTeX Font Info:    ... okay on input line 17.

*geometry* driver: auto-detecting
*geometry* detected driver: luatex
*geometry* verbose mode - [ preamble ] result:
* driver: luatex
* paper: custom
* layout: <same size as paper>
* layoutoffset:(h,v)=(0.0pt,0.0pt)
* modes: includehead includefoot 
* h-part:(L,W,R)=(10.95pt, 342.29536pt, 10.95pt)
* v-part:(T,H,B)=(0.0pt, 273.14662pt, 0.0pt)
* \paperwidth=364.19536pt
* \paperheight=273.14662pt
* \textwidth=342.29536pt
* \textheight=244.6939pt
* \oddsidemargin=-61.31999pt
* \evensidemargin=-61.31999pt
* \topmargin=-72.26999pt
* \headheight=14.22636pt
* \headsep=0.0pt
* \topskip=11.0pt
* \footskip=14.22636pt
* \marginparwidth=4.0pt
* \marginparsep=10.0pt
* \columnsep=10.0pt
* \skip\footins=10.0pt plus 4.0pt minus 2.0pt
* \hoffset=0.0pt
* \voffset=0.0pt
* \mag=1000
* \@twocolumnfalse
* \@twosidefalse
* \@mparswitchfalse
* \@reversemarginfalse
* (1in=72.27pt=25.4mm, 1cm=28.453pt)


("C:/Users/user/AppData/Local/Programs/MiKTeX 2.9/tex/context/base/mkii/supp-pd
f.mkii"
[Loading MPS to PDF converter (version 2006.09.02).]
\scratchcounter=\count165
\scratchdimen=\dimen198
\scratchbox=\box55
\nofMPsegments=\count166
\nofMParguments=\count167
\everyMPshowfont=\toks44
\MPscratchCnt=\count168
\MPscratchDim=\dimen199
\MPnumerator=\count169
\makeMPintoPDFobject=\count170
\everyMPtoPDFconversion=\toks45
)
("C:/Users/user/AppData/Local/Programs/MiKTeX 2.9/tex/latex/oberdiek/epstopdf-b
ase.sty"
Package: epstopdf-base 2016/05/15 v2.6 Base part for package epstopdf

("C:/Users/user/AppData/Local/Programs/MiKTeX 2.9/tex/latex/oberdiek/grfext.sty
"
Package: grfext 2016/05/16 v1.2 Manage graphics extensions (HO)
)
Package epstopdf-base Info: Redefining graphics rule for `.eps' on input line 43
8.
Package grfext Info: Graphics extension search list:
(grfext)             [.pdf,.png,.jpg,.mps,.jpeg,.jbig2,.jb2,.PDF,.PNG,.JPG,.JPEG
,.JBIG2,.JB2,.eps]
(grfext)             \AppendGraphicsExtensions on input line 456.
) ABD: EveryShipout initializing macros
\AtBeginShipoutBox=\box56
Package hyperref Info: Link coloring OFF on input line 17.

("C:/Users/user/AppData/Local/Programs/MiKTeX 2.9/tex/latex/hyperref/nameref.st
y"
Package: nameref 2016/05/21 v2.44 Cross-referencing by name of section

("C:/Users/user/AppData/Local/Programs/MiKTeX 2.9/tex/generic/oberdiek/gettitle
string.sty"
Package: gettitlestring 2016/05/16 v1.5 Cleanup title references (HO)
)
\c@section@level=\count171
)
LaTeX Info: Redefining \ref on input line 17.
LaTeX Info: Redefining \pageref on input line 17.
LaTeX Info: Redefining \nameref on input line 17.
 (./pres.out) (./pres.out)
\@outlinefile=\write5

\openout5 = pres.out
\symnumbers=\mathgroup6
\sympureletters=\mathgroup7
LaTeX Font Info:    Overwriting math alphabet `\mathrm' in version `normal'
(Font)                  OT1/cmr/m/n --> TU/lmr/m/n on input line 17.
LaTeX Font Info:    Redeclaring math alphabet \mathbf on input line 17.
LaTeX Font Info:    Overwriting math alphabet `\mathbf' in version `normal'
(Font)                  OT1/cmr/bx/n --> TU/lmr/bx/n on input line 17.
LaTeX Font Info:    Overwriting math alphabet `\mathbf' in version `bold'
(Font)                  OT1/cmr/bx/n --> TU/lmr/bx/n on input line 17.
LaTeX Font Info:    Redeclaring math alphabet \mathsf on input line 17.
LaTeX Font Info:    Overwriting math alphabet `\mathsf' in version `normal'
(Font)                  OT1/cmss/m/n --> TU/lmss/m/n on input line 17.
LaTeX Font Info:    Overwriting math alphabet `\mathsf' in version `bold'
(Font)                  OT1/cmss/bx/n --> TU/lmss/m/n on input line 17.
LaTeX Font Info:    Redeclaring math alphabet \mathit on input line 17.
LaTeX Font Info:    Overwriting math alphabet `\mathit' in version `normal'
(Font)                  OT1/cmr/m/it --> TU/lmr/m/it on input line 17.
LaTeX Font Info:    Overwriting math alphabet `\mathit' in version `bold'
(Font)                  OT1/cmr/bx/it --> TU/lmr/m/it on input line 17.
LaTeX Font Info:    Redeclaring math alphabet \mathtt on input line 17.
LaTeX Font Info:    Overwriting math alphabet `\mathtt' in version `normal'
(Font)                  OT1/cmtt/m/n --> TU/lmtt/m/n on input line 17.
LaTeX Font Info:    Overwriting math alphabet `\mathtt' in version `bold'
(Font)                  OT1/cmtt/m/n --> TU/lmtt/m/n on input line 17.
LaTeX Font Info:    Overwriting symbol font `numbers' in version `bold'
(Font)                  TU/lmr/m/n --> TU/lmr/bx/n on input line 17.
LaTeX Font Info:    Overwriting symbol font `pureletters' in version `bold'
(Font)                  TU/lmr/m/it --> TU/lmr/bx/it on input line 17.
LaTeX Font Info:    Overwriting math alphabet `\mathrm' in version `bold'
(Font)                  OT1/cmr/bx/n --> TU/lmr/bx/n on input line 17.
LaTeX Font Info:    Overwriting math alphabet `\mathbf' in version `bold'
(Font)                  TU/lmr/bx/n --> TU/lmr/bx/n on input line 17.
LaTeX Font Info:    Overwriting math alphabet `\mathsf' in version `bold'
(Font)                  TU/lmss/m/n --> TU/lmss/bx/n on input line 17.
LaTeX Font Info:    Overwriting math alphabet `\mathit' in version `bold'
(Font)                  TU/lmr/m/it --> TU/lmr/bx/it on input line 17.
LaTeX Font Info:    Overwriting math alphabet `\mathtt' in version `bold'
(Font)                  TU/lmtt/m/n --> TU/lmtt/bx/n on input line 17.

("C:/Users/user/AppData/Local/Programs/MiKTeX 2.9/tex/latex/translator/translat
or-basic-dictionary-English.dict"
Dictionary: translator-basic-dictionary, Language: English 
)
("C:/Users/user/AppData/Local/Programs/MiKTeX 2.9/tex/latex/translator/translat
or-bibliography-dictionary-English.dict"
Dictionary: translator-bibliography-dictionary, Language: English 
)
("C:/Users/user/AppData/Local/Programs/MiKTeX 2.9/tex/latex/translator/translat
or-environment-dictionary-English.dict"
Dictionary: translator-environment-dictionary, Language: English 
)
("C:/Users/user/AppData/Local/Programs/MiKTeX 2.9/tex/latex/translator/translat
or-months-dictionary-English.dict"
Dictionary: translator-months-dictionary, Language: English 
)
("C:/Users/user/AppData/Local/Programs/MiKTeX 2.9/tex/latex/translator/translat
or-numbers-dictionary-English.dict"
Dictionary: translator-numbers-dictionary, Language: English 
)
("C:/Users/user/AppData/Local/Programs/MiKTeX 2.9/tex/latex/translator/translat
or-theorem-dictionary-English.dict"
Dictionary: translator-theorem-dictionary, Language: English 
) (./pres.nav) [1

{C:/Users/user/AppData/Local/MiKTeX/2.9/pdftex/config/pdftex.map}]
<Erdos_Tao.jpg, id=54, 372.1905pt x 251.4996pt>
File: Erdos_Tao.jpg Graphic file (type jpg)
<use Erdos_Tao.jpg>
Package luatex.def Info: Erdos_Tao.jpg  used on input line 36.
(luatex.def)             Requested size: 186.09479pt x 125.74948pt.

Overfull \vbox (3.24147pt too high) detected at line 36
 []

[2

<./Erdos_Tao.jpg>]
File: Erdos_Tao.jpg Graphic file (type jpg)
<use Erdos_Tao.jpg>
Package luatex.def Info: Erdos_Tao.jpg  used on input line 36.
(luatex.def)             Requested size: 186.09479pt x 125.74948pt.

Overfull \vbox (3.24147pt too high) detected at line 36
 []

[3

]
File: Erdos_Tao.jpg Graphic file (type jpg)
<use Erdos_Tao.jpg>
Package luatex.def Info: Erdos_Tao.jpg  used on input line 36.
(luatex.def)             Requested size: 186.09479pt x 125.74948pt.

Overfull \vbox (3.24147pt too high) detected at line 36
 []

[4

]
File: Erdos_Tao.jpg Graphic file (type jpg)
<use Erdos_Tao.jpg>
Package luatex.def Info: Erdos_Tao.jpg  used on input line 36.
(luatex.def)             Requested size: 186.09479pt x 125.74948pt.

Overfull \vbox (3.24147pt too high) detected at line 36
 []

[5

]
File: Erdos_Tao.jpg Graphic file (type jpg)
<use Erdos_Tao.jpg>
Package luatex.def Info: Erdos_Tao.jpg  used on input line 36.
(luatex.def)             Requested size: 186.09479pt x 125.74948pt.

Overfull \vbox (3.24147pt too high) detected at line 36
 []

[6

]
File: Erdos_Tao.jpg Graphic file (type jpg)
<use Erdos_Tao.jpg>
Package luatex.def Info: Erdos_Tao.jpg  used on input line 36.
(luatex.def)             Requested size: 186.09479pt x 125.74948pt.

Overfull \vbox (3.24147pt too high) detected at line 36
 []

[7

]
File: Erdos_Tao.jpg Graphic file (type jpg)
<use Erdos_Tao.jpg>
Package luatex.def Info: Erdos_Tao.jpg  used on input line 36.
(luatex.def)             Requested size: 186.09479pt x 125.74948pt.

Overfull \vbox (3.24147pt too high) detected at line 36
 []

[8

]
LaTeX Font Info:    Try loading font information for U+msa on input line 51.
 ("C:/Users/user/AppData/Local/Programs/MiKTeX 2.9/tex/latex/amsfonts/umsa.fd"
File: umsa.fd 2013/01/14 v3.01 AMS symbols A
)
LaTeX Font Info:    Try loading font information for U+msb on input line 51.
 ("C:/Users/user/AppData/Local/Programs/MiKTeX 2.9/tex/latex/amsfonts/umsb.fd"
File: umsb.fd 2013/01/14 v3.01 AMS symbols B
)
<proof_german.png, id=246, 398.23781pt x 520.19344pt>
File: proof_german.png Graphic file (type png)
<use proof_german.png>
Package luatex.def Info: proof_german.png  used on input line 51.
(luatex.def)             Requested size: 119.47226pt x 156.05922pt.
<proof_german2.png, id=247, 529.98pt x 679.78969pt>
File: proof_german2.png Graphic file (type png)
<use proof_german2.png>
Package luatex.def Info: proof_german2.png  used on input line 51.
(luatex.def)             Requested size: 116.59595pt x 149.55418pt.
 [9

<./proof_german.png><./proof_german2.png>]

Package amsmath Warning: Foreign command \atopwithdelims;
(amsmath)                \frac or \genfrac should be used instead
(amsmath)                 on input line 68.

<pascal2.png, id=279, 926.46124pt x 500.87125pt>
File: pascal2.png Graphic file (type png)
<use pascal2.png>
Package luatex.def Info: pascal2.png  used on input line 68.
(luatex.def)             Requested size: 199.16928pt x 107.66992pt.

Overfull \hbox (128.89973pt too wide) detected at line 68
[][][][][][][][][][][] [][][][][][][]
 []

[10

<./pascal2.png>]
File: pascal2.png Graphic file (type png)
<use pascal2.png>
Package luatex.def Info: pascal2.png  used on input line 68.
(luatex.def)             Requested size: 199.16928pt x 107.66992pt.

Overfull \hbox (128.89973pt too wide) detected at line 68
[][][][][][][][][][][] [][][][][][][]
 []

[11

]
File: pascal2.png Graphic file (type png)
<use pascal2.png>
Package luatex.def Info: pascal2.png  used on input line 68.
(luatex.def)             Requested size: 199.16928pt x 107.66992pt.

Overfull \hbox (128.89973pt too wide) detected at line 68
[][][][][][][][][][][] [][][][][][][]
 []

[12

] [13

] [14

] [15

] [16

] [17

] [18

] [19

] [20

] [21

] [22

] [23

] [24

] [25

]
Overfull \vbox (1.1503pt too high) detected at line 144
 []

[26

]
Overfull \vbox (1.1503pt too high) detected at line 144
 []

[27

]
Overfull \vbox (1.1503pt too high) detected at line 144
 []

[28

]
Overfull \vbox (1.1503pt too high) detected at line 144
 []

[29

] [30

] [31

] [32

] [33

] [34

] [35

] [36

] [37

] [38

] [39

] [40

] [41

] [42

] [43

]
[44

] [45

] [46

] [47

] [48

] [49

] [50

] [51

] [52

] [53

] [54

] [55

] [56

] [57

] [58

]
[59

]
<g2n.png, id=1649, 377.91188pt x 256.70906pt>
File: g2n.png Graphic file (type png)
<use g2n.png>
Package luatex.def Info: g2n.png  used on input line 284.
(luatex.def)             Requested size: 151.16206pt x 102.6818pt.
 [60

<./g2n.png>]
File: g2n.png Graphic file (type png)
<use g2n.png>
Package luatex.def Info: g2n.png  used on input line 284.
(luatex.def)             Requested size: 151.16206pt x 102.6818pt.
 [61

] [62

] [63

] [64

]
\tf@nav=\write6

\openout6 = pres.nav
\tf@toc=\write7

\openout7 = pres.toc
\tf@snm=\write8

\openout8 = pres.snm
Package atveryend Info: Empty hook `BeforeClearDocument' on input line 302.
Package atveryend Info: Empty hook `AfterLastShipout' on input line 302.
 (./pres.aux)
Package atveryend Info: Executing hook `AtVeryEndDocument' on input line 302.
Package atveryend Info: Executing hook `AtEndAfterFileList' on input line 302.
Package rerunfilecheck Info: File `pres.out' has not changed.
(rerunfilecheck)             Checksum: D41D8CD98F00B204E9800998ECF8427E;0.
)

Here is how much of LuaTeX's memory you used:
 19134 strings out of 494291
 100000,460012 words of node,token memory allocated
 1290 words of node memory still in use:
   14 hlist, 6 vlist, 2 rule, 1 disc, 1 local_par, 20 glue, 4 kern, 11 penalty, 
12 glyph, 99 attribute, 60 glue_spec, 99 attribute_list, 4 write, 6 pdf_colorsta
ck nodes
   avail lists: 1:2,2:2057,3:806,4:168,5:284,6:47,7:1957,8:78,9:1031,10:19,11:59

 22155 multiletter control sequences out of 65536+200000
 65 fonts using 4800983 bytes
 56i,17n,59p,789b,646s stack positions out of 5000i,500n,10000p,200000b,50000s
<c:/users/user/appdata/local/programs/miktex 2.9/fonts/opentype/public/lm/lmroma
n7-regular.otf><c:/users/user/appdata/local/programs/miktex 2.9/fonts/opentype/p
ublic/lm/lmroman12-italic.otf><c:/users/user/appdata/local/programs/miktex 2.9/f
onts/opentype/public/lm/lmroman7-italic.otf><c:/users/user/appdata/local/program
s/miktex 2.9/fonts/opentype/public/lm/lmroman8-regular.otf><c:/users/user/appdat
a/local/programs/miktex 2.9/fonts/opentype/public/lm/lmroman8-italic.otf><c:/use
rs/user/appdata/local/programs/miktex 2.9/fonts/opentype/public/lm/lmroman10-ita
lic.otf><c:/users/user/appdata/local/programs/miktex 2.9/fonts/opentype/public/l
m/lmroman6-regular.otf><c:/users/user/appdata/local/programs/miktex 2.9/fonts/op
entype/public/lm/lmroman10-regular.otf><c:/users/user/appdata/local/programs/mik
tex 2.9/fonts/opentype/public/lm/lmroman12-regular.otf><C:/Users/user/AppData/Lo
cal/Programs/MiKTeX 2.9/fonts/type1/public/amsfonts/cm/cmex10.pfb><C:/Users/user
/AppData/Local/Programs/MiKTeX 2.9/fonts/type1/public/amsfonts/cmextra/cmex8.pfb
><C:/Users/user/AppData/Local/Programs/MiKTeX 2.9/fonts/type1/public/amsfonts/cm
/cmmi10.pfb><C:/Users/user/AppData/Local/Programs/MiKTeX 2.9/fonts/type1/public/
amsfonts/cm/cmmi8.pfb><C:/Users/user/AppData/Local/Programs/MiKTeX 2.9/fonts/typ
e1/public/amsfonts/cm/cmr10.pfb><C:/Users/user/AppData/Local/Programs/MiKTeX 2.9
/fonts/type1/public/amsfonts/cm/cmr12.pfb><C:/Users/user/AppData/Local/Programs/
MiKTeX 2.9/fonts/type1/public/amsfonts/cm/cmr8.pfb><C:/Users/user/AppData/Local/
Programs/MiKTeX 2.9/fonts/type1/public/amsfonts/cm/cmsy10.pfb><C:/Users/user/App
Data/Local/Programs/MiKTeX 2.9/fonts/type1/public/amsfonts/cm/cmsy8.pfb>
Output written on pres.pdf (64 pages, 1284848 bytes).

PDF statistics: 1875 PDF objects out of 2073 (max. 8388607)
 129 named destinations out of 1000 (max. 131072)
 66 words of extra memory for PDF output out of 10000 (max. 100000000)

